Lab2/ImplicitIntentReceiver/app/build/intermediates/manifest_merge_blame_file/debug/manifest-merger-blame-debug-report.txt
1<?xml version="1.0" encoding="utf-8"?>
2<manifest xmlns:android="http://schemas.android.com/apk/res/android"
3    package="com.example.implicitintentreceiver"
4    android:versionCode="1"
5    android:versionName="1.0" >
6
7    <uses-sdk
8        android:minSdkVersion="21"
8-->src\main\AndroidManifest.xml
9        android:targetSdkVersion="32" />
9-->src\main\AndroidManifest.xml
10
11    <application
11-->src\main\AndroidManifest.xml:5:5-27:19
12        android:allowBackup="true"
12-->src\main\AndroidManifest.xml:6:9-35
13        android:appComponentFactory="android.support.v4.app.CoreComponentFactory"
13-->[com.android.support:support-compat:28.0.0] AndroidManifest.xml:22:18-91
14        android:debuggable="true"
15        android:icon="@mipmap/ic_launcher"
15-->src\main\AndroidManifest.xml:7:9-43
16        android:label="@string/app_name"
16-->src\main\AndroidManifest.xml:8:9-41
17        android:roundIcon="@mipmap/ic_launcher_round"
17-->src\main\AndroidManifest.xml:9:9-54
18        android:supportsRtl="true"
18-->src\main\AndroidManifest.xml:10:9-35
19        android:testOnly="true"
20        android:theme="@style/Theme.ImplicitIntentReceiver" >
20-->src\main\AndroidManifest.xml:11:9-60
21        <activity
21-->src\main\AndroidManifest.xml:12:9-26:20
22            android:name="com.example.implicitintentreceiver.MainActivity"
22-->src\main\AndroidManifest.xml:13:13-41
23            android:exported="true" >
23-->src\main\AndroidManifest.xml:14:13-36
24            <intent-filter>
24-->src\main\AndroidManifest.xml:15:13-18:29
25                <action android:name="android.intent.action.MAIN" />
25-->src\main\AndroidManifest.xml:16:17-69
25-->src\main\AndroidManifest.xml:16:25-66
26
27                <category android:name="android.intent.category.LAUNCHER" />
27-->src\main\AndroidManifest.xml:17:17-77
27-->src\main\AndroidManifest.xml:17:27-74
28            </intent-filter>
29            <intent-filter>
29-->src\main\AndroidManifest.xml:19:13-25:29
30                <action android:name="android.intent.action.VIEW" />
30-->src\main\AndroidManifest.xml:20:17-69
30-->src\main\AndroidManifest.xml:20:25-66
31
32                <category android:name="android.intent.category.DEFAULT" />
32-->src\main\AndroidManifest.xml:21:17-76
32-->src\main\AndroidManifest.xml:21:27-73
33                <category android:name="android.intent.category.BROWSABLE" />
33-->src\main\AndroidManifest.xml:22:17-78
33-->src\main\AndroidManifest.xml:22:27-75
34
35                <data
35-->src\main\AndroidManifest.xml:23:17-24:60
36                    android:host="developer.android.com"
36-->src\main\AndroidManifest.xml:24:21-57
37                    android:scheme="http" />
37-->src\main\AndroidManifest.xml:23:23-44
38            </intent-filter>
39        </activity>
40    </application>
41
42</manifest>